  UserInterface.cpp
  GameLoop.cpp
c:\program files (x86)\microsoft visual studio 14.0\vc\include\type_traits(1468): error C2672: 'std::invoke': no matching overloaded function found
  c:\program files (x86)\microsoft visual studio 14.0\vc\include\functional(826): note: see reference to function template instantiation '_Rx std::_Invoke_ret<std::_Unforced,_Cv_FD&,_Cv_TiD&>(std::_Forced<_Rx,false>,_Cv_FD &,_Cv_TiD &)' being compiled
          with
          [
              _Rx=std::_Unforced,
              _Cv_FD=int (__thiscall MainWindow::* )(bool),
              _Cv_TiD=MainWindow
          ]
  c:\program files (x86)\microsoft visual studio 14.0\vc\include\functional(881): note: see reference to function template instantiation '_Rx std::_Call_binder<std::_Unforced,0,_Ty1,_Ty2,std::tuple<_Ty &&>>(std::_Forced<_Rx,false>,std::integer_sequence<unsigned int,0>,_Cv_FD &,_Cv_tuple_TiD &,_Untuple &&)' being compiled
          with
          [
              _Rx=std::_Unforced,
              _Ty1=int (__thiscall MainWindow::* )(bool),
              _Ty2=std::tuple<MainWindow>,
              _Ty=bool,
              _Cv_FD=int (__thiscall MainWindow::* )(bool),
              _Cv_tuple_TiD=std::tuple<MainWindow>,
              _Untuple=std::tuple<bool &&>
          ]
  c:\users\ryan\documents\github\c---assignment-2-cut-the-rope\game code\sfml template\sfml template\gameloop.cpp(179): note: see reference to function template instantiation '_Rx std::_Binder<std::_Unforced,int (__thiscall MainWindow::* )(bool),MainWindow &>::operator ()<bool>(bool &&)' being compiled
          with
          [
              _Rx=std::_Unforced
          ]
  c:\users\ryan\documents\github\c---assignment-2-cut-the-rope\game code\sfml template\sfml template\gameloop.cpp(179): note: see reference to function template instantiation '_Rx std::_Binder<std::_Unforced,int (__thiscall MainWindow::* )(bool),MainWindow &>::operator ()<bool>(bool &&)' being compiled
          with
          [
              _Rx=std::_Unforced
          ]
c:\program files (x86)\microsoft visual studio 14.0\vc\include\type_traits(1468): error C2893: Failed to specialize function template 'unknown-type std::invoke(_Callable &&,_Types &&...)'
  c:\program files (x86)\microsoft visual studio 14.0\vc\include\type_traits(1468): note: With the following template arguments:
  c:\program files (x86)\microsoft visual studio 14.0\vc\include\type_traits(1468): note: '_Callable=int (__thiscall MainWindow::* &)(bool)'
  c:\program files (x86)\microsoft visual studio 14.0\vc\include\type_traits(1468): note: '_Types={MainWindow &}'
  Generating Code...
  Skipping... (no relevant changes detected)
  Main.cpp
